[0m16:05:13.622529 [debug] [MainThread]: Sending event: {'category': 'dbt', 'action': 'invocation', 'label': 'start', 'context': [<snowplow_tracker.self_describing_json.SelfDescribingJson object at 0x000001790A4A2450>, <snowplow_tracker.self_describing_json.SelfDescribingJson object at 0x000001790AA21EE0>, <snowplow_tracker.self_describing_json.SelfDescribingJson object at 0x0000017909BA95B0>]}


============================== 16:05:13.679852 | 83e681d7-7c36-4cb3-914e-493a152ff472 ==============================
[0m16:05:13.679852 [info ] [MainThread]: Running with dbt=1.11.12
[0m16:05:13.680852 [debug] [MainThread]: running dbt with arguments {'version_check': 'True', 'no_print': 'None', 'static_parser': 'True', 'warn_error_options': 'WarnErrorOptionsV2(error=[], warn=[], silence=[])', 'target_path': 'None', 'printer_width': '80', 'write_json': 'True', 'empty': 'None', 'log_cache_events': 'False', 'introspect': 'True', 'cache_selected_only': 'False', 'fail_fast': 'False', 'debug': 'False', 'log_format': 'default', 'partial_parse': 'True', 'send_anonymous_usage_stats': 'True', 'quiet': 'False', 'warn_error': 'None', 'profiles_dir': 'C:\\Users\\sande\\.dbt', 'use_colors': 'True', 'indirect_selection': 'eager', 'invocation_command': 'dbt init', 'use_experimental_parser': 'False', 'log_path': 'logs'}
[0m16:05:13.817716 [info ] [MainThread]: Creating dbt configuration folder at C:\Users\sande\.dbt
[0m16:06:07.855059 [debug] [MainThread]: Starter project path: C:\Users\sande\OneDrive\Documents\DBT_TUTORIAL\.venv\Lib\site-packages\dbt\include\starter_project
[0m16:06:07.898060 [info ] [MainThread]: 
Your new dbt project "sandeep_dbt_tutorial" was created!

For more information on how to configure the profiles.yml file,
please consult the dbt documentation here:

  https://docs.getdbt.com/docs/configure-your-profile

One more thing:

Need help? Don't hesitate to reach out to us via GitHub issues or on Slack:

  https://community.getdbt.com/

Happy modeling!

[0m16:06:07.899061 [info ] [MainThread]: Setting up your profile.
[0m16:06:23.255442 [debug] [MainThread]: Spark adapter: Setting pyhive.hive logging to ERROR
[0m16:06:23.256449 [debug] [MainThread]: Spark adapter: Setting thrift.transport logging to ERROR
[0m16:06:23.256449 [debug] [MainThread]: Spark adapter: Setting thrift.protocol logging to ERROR
[0m16:11:11.831931 [info ] [MainThread]: Profile sandeep_dbt_tutorial written to C:\Users\sande\.dbt\profiles.yml using target's profile_template.yml and your supplied values. Run 'dbt debug' to validate the connection.
[0m16:11:11.835920 [debug] [MainThread]: Command `dbt init` succeeded at 16:11:11.834915 after 358.55 seconds
[0m16:11:11.835920 [debug] [MainThread]: Sending event: {'category': 'dbt', 'action': 'invocation', 'label': 'end', 'context': [<snowplow_tracker.self_describing_json.SelfDescribingJson object at 0x000001790A047500>, <snowplow_tracker.self_describing_json.SelfDescribingJson object at 0x0000017932DDCF80>, <snowplow_tracker.self_describing_json.SelfDescribingJson object at 0x000001790A97A9C0>]}
[0m16:11:11.836918 [debug] [MainThread]: Flushing usage events
[0m16:11:13.702467 [debug] [MainThread]: An error was encountered while trying to flush usage events
[0m16:11:24.154744 [debug] [MainThread]: Sending event: {'category': 'dbt', 'action': 'invocation', 'label': 'start', 'context': [<snowplow_tracker.self_describing_json.SelfDescribingJson object at 0x0000015939EAF4D0>, <snowplow_tracker.self_describing_json.SelfDescribingJson object at 0x000001593A518E00>, <snowplow_tracker.self_describing_json.SelfDescribingJson object at 0x0000015939DB1EB0>]}


============================== 16:11:24.162746 | b72fc829-d659-46de-a5a9-86fb9da2b8f2 ==============================
[0m16:11:24.162746 [info ] [MainThread]: Running with dbt=1.11.12
[0m16:11:24.163746 [debug] [MainThread]: running dbt with arguments {'static_parser': 'True', 'no_print': 'None', 'version_check': 'True', 'warn_error_options': 'WarnErrorOptionsV2(error=[], warn=[], silence=[])', 'target_path': 'None', 'printer_width': '80', 'write_json': 'True', 'introspect': 'True', 'log_cache_events': 'False', 'empty': 'None', 'cache_selected_only': 'False', 'log_format': 'default', 'debug': 'False', 'fail_fast': 'False', 'partial_parse': 'True', 'send_anonymous_usage_stats': 'True', 'quiet': 'False', 'warn_error': 'None', 'profiles_dir': 'C:\\Users\\sande\\.dbt', 'indirect_selection': 'eager', 'invocation_command': 'dbt debug', 'use_colors': 'True', 'use_experimental_parser': 'False', 'log_path': 'logs'}
[0m16:11:24.215731 [info ] [MainThread]: dbt version: 1.11.12
[0m16:11:24.216731 [info ] [MainThread]: python version: 3.12.9
[0m16:11:24.217730 [info ] [MainThread]: python path: C:\Users\sande\OneDrive\Documents\DBT_TUTORIAL\.venv\Scripts\python.exe
[0m16:11:24.218746 [info ] [MainThread]: os info: Windows-11-10.0.26200-SP0
[0m16:11:25.500781 [debug] [MainThread]: Spark adapter: Setting pyhive.hive logging to ERROR
[0m16:11:25.501783 [debug] [MainThread]: Spark adapter: Setting thrift.transport logging to ERROR
[0m16:11:25.501783 [debug] [MainThread]: Spark adapter: Setting thrift.protocol logging to ERROR
[0m16:11:26.531075 [info ] [MainThread]: Using profiles dir at C:\Users\sande\.dbt
[0m16:11:26.532075 [info ] [MainThread]: Using profiles.yml file at C:\Users\sande\.dbt\profiles.yml
[0m16:11:26.533077 [info ] [MainThread]: Using dbt_project.yml file at C:\Users\sande\OneDrive\Documents\DBT_TUTORIAL\dbt_project.yml
[0m16:11:26.534078 [info ] [MainThread]: adapter type: databricks
[0m16:11:26.535078 [info ] [MainThread]: adapter version: 1.10.9
[0m16:11:26.536078 [info ] [MainThread]: Configuration:
[0m16:11:26.536078 [info ] [MainThread]:   profiles.yml file [[32mOK found and valid[0m]
[0m16:11:26.537078 [info ] [MainThread]:   dbt_project.yml file [[31mERROR not found[0m]
[0m16:11:26.538078 [info ] [MainThread]: Required dependencies:
[0m16:11:26.539077 [debug] [MainThread]: Executing "git --help"
[0m16:11:26.619079 [debug] [MainThread]: STDOUT: "b"usage: git [-v | --version] [-h | --help] [-C <path>] [-c <name>=<value>]\n           [--exec-path[=<path>]] [--html-path] [--man-path] [--info-path]\n           [-p | --paginate | -P | --no-pager] [--no-replace-objects] [--no-lazy-fetch]\n           [--no-optional-locks] [--no-advice] [--bare] [--git-dir=<path>]\n           [--work-tree=<path>] [--namespace=<name>] [--config-env=<name>=<envvar>]\n           <command> [<args>]\n\nThese are common Git commands used in various situations:\n\nstart a working area (see also: git help tutorial)\n   clone      Clone a repository into a new directory\n   init       Create an empty Git repository or reinitialize an existing one\n\nwork on the current change (see also: git help everyday)\n   add        Add file contents to the index\n   mv         Move or rename a file, a directory, or a symlink\n   restore    Restore working tree files\n   rm         Remove files from the working tree and from the index\n\nexamine the history and state (see also: git help revisions)\n   bisect     Use binary search to find the commit that introduced a bug\n   diff       Show changes between commits, commit and working tree, etc\n   grep       Print lines matching a pattern\n   log        Show commit logs\n   show       Show various types of objects\n   status     Show the working tree status\n\ngrow, mark and tweak your common history\n   backfill   Download missing objects in a partial clone\n   branch     List, create, or delete branches\n   commit     Record changes to the repository\n   history    EXPERIMENTAL: Rewrite history\n   merge      Join two or more development histories together\n   rebase     Reapply commits on top of another base tip\n   reset      Set `HEAD` or the index to a known state\n   switch     Switch branches\n   tag        Create, list, delete or verify tags\n\ncollaborate (see also: git help workflows)\n   fetch      Download objects and refs from another repository\n   pull       Fetch from and integrate with another repository or a local branch\n   push       Update remote refs along with associated objects\n\n'git help -a' and 'git help -g' list available subcommands and some\nconcept guides. See 'git help <command>' or 'git help <concept>'\nto read about a specific subcommand or concept.\nSee 'git help git' for an overview of the system.\n""
[0m16:11:26.619079 [debug] [MainThread]: STDERR: "b''"
[0m16:11:26.620076 [info ] [MainThread]:  - git [[32mOK found[0m]

[0m16:11:26.620076 [info ] [MainThread]: Connection:
[0m16:11:26.621080 [info ] [MainThread]:   host: dbc-db9c4f4b-27ab.cloud.databricks.com
[0m16:11:26.621080 [info ] [MainThread]:   http_path: /sql/1.0/warehouses/ce8541004af1742c
[0m16:11:26.622081 [info ] [MainThread]:   catalog: dbt_tutorial_dev
[0m16:11:26.622081 [info ] [MainThread]:   schema: default
[0m16:11:26.623081 [info ] [MainThread]: Registered adapter: databricks=1.10.9
[0m16:11:27.570290 [debug] [MainThread]: Databricks adapter: DatabricksDBTConnection(session-id=None, name=debug) - Creating connection
[0m16:11:27.570290 [debug] [MainThread]: Acquiring new databricks connection 'debug'
[0m16:11:27.571290 [debug] [MainThread]: Using databricks connection "debug"
[0m16:11:27.571290 [debug] [MainThread]: On debug: select 1 as id
[0m16:11:27.572293 [debug] [MainThread]: Opening a new connection, currently in state init
[0m16:11:29.472818 [error] [MainThread]: databricks-sql-connector adapter: ThriftBackend.attempt_request: Exception: %s
[0m16:11:29.503269 [error] [MainThread]: Databricks adapter: Connection(session-id=Unknown) - Exception while trying to create connection: Error during request to server: : Credential was not sent or was of an unsupported type for this API.. 
Error properties: attempt=1/30, bounded-retry-delay=None, elapsed-seconds=1.8620915412902832/900.0, error-message=: Credential was not sent or was of an unsupported type for this API., http-code=401, method=OpenSession, no-retry-reason=non-retryable error, original-exception=, query-id=None, session-id=None
[0m16:11:29.504269 [debug] [MainThread]: Databricks adapter: Exception while trying to execute query
select 1 as id
: Database Error
  Error during request to server: : Credential was not sent or was of an unsupported type for this API.. 
[0m16:11:29.505277 [debug] [MainThread]: On debug: No close available on handle
[0m16:11:29.506264 [info ] [MainThread]:   Connection test: [[31mERROR[0m]

[0m16:11:29.507268 [info ] [MainThread]: [31m2 checks failed:[0m
[0m16:11:29.507268 [info ] [MainThread]: Project loading failed for the following reason:
 project path <C:\Users\sande\OneDrive\Documents\DBT_TUTORIAL\dbt_project.yml> not found

[0m16:11:29.508616 [info ] [MainThread]: dbt was unable to connect to the specified database.
The database returned the following error:

  >Database Error
  Database Error
    Error during request to server: : Credential was not sent or was of an unsupported type for this API.. 

Check your database credentials and try again. For more information, visit:
https://docs.getdbt.com/docs/configure-your-profile


[0m16:11:29.512100 [debug] [MainThread]: Command `dbt debug` failed at 16:11:29.512100 after 5.59 seconds
[0m16:11:29.513112 [debug] [MainThread]: Sending event: {'category': 'dbt', 'action': 'invocation', 'label': 'end', 'context': [<snowplow_tracker.self_describing_json.SelfDescribingJson object at 0x0000015939993110>, <snowplow_tracker.self_describing_json.SelfDescribingJson object at 0x000001596104C620>, <snowplow_tracker.self_describing_json.SelfDescribingJson object at 0x00000159611BC680>]}
[0m16:11:29.513112 [debug] [MainThread]: Flushing usage events
[0m16:11:31.100092 [debug] [MainThread]: An error was encountered while trying to flush usage events
